<?xml version="1.0" encoding="UTF-8"?>
<testng-results ignored="0" total="1" passed="1" failed="0" skipped="0">
  <reporter-output>
  </reporter-output>
  <suite started-at="2024-08-22T18:30:39 IST" name="Default suite" finished-at="2024-08-22T18:33:08 IST" duration-ms="148974">
    <groups>
    </groups>
    <test started-at="2024-08-22T18:30:39 IST" name="Default test" finished-at="2024-08-22T18:33:08 IST" duration-ms="148974">
      <class name="com.mvn.OppoCalcu">
        <test-method signature="managecal()[pri:0, instance:com.mvn.OppoCalcu@76b1e9b8]" started-at="2024-08-22T18:30:39 IST" name="managecal" finished-at="2024-08-22T18:33:08 IST" duration-ms="148837" status="PASS">
          <reporter-output>
          </reporter-output>
        </test-method> <!-- managecal -->
      </class> <!-- com.mvn.OppoCalcu -->
    </test> <!-- Default test -->
  </suite> <!-- Default suite -->
</testng-results>
